<?xml version="1.0" encoding="UTF-8"?>
<!-- Generated by org.testng.reporters.JUnitXMLReporter -->
<testsuite hostname="Sunitha" failures="0" tests="3" name="Default test" time="0.022" errors="0" timestamp="20 Jul 2022 12:31:34 GMT">
  <testcase classname="org.mavenExample.Practice1Test" name="practice1Test" time="0.009"/>
  <testcase classname="org.mavenExample.Practice1Test" name="practice2Test" time="0.001"/>
  <testcase classname="org.mavenExample.Practice1Test" name="practice3Test" time="0.001"/>
</testsuite> <!-- Default test -->
