<?xml version="1.0" encoding="UTF-8"?>
<testng-results ignored="0" total="1" passed="0" failed="1" skipped="0">
  <reporter-output>
  </reporter-output>
  <suite started-at="2022-08-12T12:28:57 IST" name="Default suite" finished-at="2022-08-12T12:29:11 IST" duration-ms="13787">
    <groups>
      <group name="regressionTest">
        <method signature="ToCreateOrganisationTest.AcreateOrganisationTest()[pri:0, instance:com.crm.Vtiger.Organisation.ToCreateOrganisationTest@1e0b4072]" name="AcreateOrganisationTest" class="com.crm.Vtiger.Organisation.ToCreateOrganisationTest"/>
      </group> <!-- regressionTest -->
      <group name="smokeTest">
        <method signature="ToCreateOrganisationTest.AcreateOrganisationTest()[pri:0, instance:com.crm.Vtiger.Organisation.ToCreateOrganisationTest@1e0b4072]" name="AcreateOrganisationTest" class="com.crm.Vtiger.Organisation.ToCreateOrganisationTest"/>
      </group> <!-- smokeTest -->
    </groups>
    <test started-at="2022-08-12T12:28:57 IST" name="Default test" finished-at="2022-08-12T12:29:11 IST" duration-ms="13787">
      <class name="com.crm.Vtiger.Organisation.ToCreateOrganisationTest">
        <test-method is-config="true" signature="dbConfig()[pri:0, instance:com.crm.Vtiger.Organisation.ToCreateOrganisationTest@1e0b4072]" started-at="2022-08-12T12:28:57 IST" name="dbConfig" finished-at="2022-08-12T12:28:57 IST" duration-ms="7" status="PASS">
          <reporter-output>
          </reporter-output>
        </test-method> <!-- dbConfig -->
        <test-method is-config="true" signature="launchTheBrowser()[pri:0, instance:com.crm.Vtiger.Organisation.ToCreateOrganisationTest@1e0b4072]" started-at="2022-08-12T12:28:57 IST" name="launchTheBrowser" finished-at="2022-08-12T12:29:00 IST" duration-ms="3007" status="PASS">
          <reporter-output>
          </reporter-output>
        </test-method> <!-- launchTheBrowser -->
        <test-method is-config="true" signature="loginToApp()[pri:0, instance:com.crm.Vtiger.Organisation.ToCreateOrganisationTest@1e0b4072]" started-at="2022-08-12T12:29:00 IST" name="loginToApp" finished-at="2022-08-12T12:29:03 IST" duration-ms="2321" status="PASS">
          <reporter-output>
          </reporter-output>
        </test-method> <!-- loginToApp -->
        <test-method signature="AcreateOrganisationTest()[pri:0, instance:com.crm.Vtiger.Organisation.ToCreateOrganisationTest@1e0b4072]" started-at="2022-08-12T12:29:03 IST" name="AcreateOrganisationTest" finished-at="2022-08-12T12:29:09 IST" duration-ms="6296" status="FAIL">
          <exception class="org.openqa.selenium.NoSuchElementException">
            <message>
              <![CDATA[Unable to find element with locator By.xpath: //span[@class='dvHeaderText']
For documentation on this error, please visit: https://selenium.dev/exceptions/#no_such_element
Build info: version: '4.3.0', revision: 'a4995e2c09*'
System info: host: 'TYC1221031', ip: '192.168.43.247', os.name: 'Windows 10', os.arch: 'amd64', os.version: '10.0', java.version: '16.0.1'
Driver info: driver.version: RemoteWebDriver]]>
            </message>
            <full-stacktrace>
              <![CDATA[org.openqa.selenium.NoSuchElementException: Unable to find element with locator By.xpath: //span[@class='dvHeaderText']
For documentation on this error, please visit: https://selenium.dev/exceptions/#no_such_element
Build info: version: '4.3.0', revision: 'a4995e2c09*'
System info: host: 'TYC1221031', ip: '192.168.43.247', os.name: 'Windows 10', os.arch: 'amd64', os.version: '10.0', java.version: '16.0.1'
Driver info: driver.version: RemoteWebDriver
at org.openqa.selenium.remote.ElementLocation$ElementFinder$2.findElement(ElementLocation.java:165)
at org.openqa.selenium.remote.ElementLocation.findElement(ElementLocation.java:60)
at org.openqa.selenium.remote.RemoteWebDriver.findElement(RemoteWebDriver.java:387)
at org.openqa.selenium.remote.RemoteWebDriver.findElement(RemoteWebDriver.java:379)
at org.openqa.selenium.support.pagefactory.DefaultElementLocator.findElement(DefaultElementLocator.java:70)
at org.openqa.selenium.support.pagefactory.internal.LocatingElementHandler.invoke(LocatingElementHandler.java:39)
at jdk.proxy2/jdk.proxy2.$Proxy24.getText(Unknown Source)
at com.crm.Vtiger.Organisation.ToCreateOrganisationTest.AcreateOrganisationTest(ToCreateOrganisationTest.java:61)
at java.base/jdk.internal.reflect.NativeMethodAccessorImpl.invoke0(Native Method)
at java.base/jdk.internal.reflect.NativeMethodAccessorImpl.invoke(NativeMethodAccessorImpl.java:78)
at java.base/jdk.internal.reflect.DelegatingMethodAccessorImpl.invoke(DelegatingMethodAccessorImpl.java:43)
at java.base/java.lang.reflect.Method.invoke(Method.java:567)
at org.testng.internal.MethodInvocationHelper.invokeMethod(MethodInvocationHelper.java:133)
at org.testng.internal.TestInvoker.invokeMethod(TestInvoker.java:598)
at org.testng.internal.TestInvoker.invokeTestMethod(TestInvoker.java:173)
at org.testng.internal.MethodRunner.runInSequence(MethodRunner.java:46)
at org.testng.internal.TestInvoker$MethodInvocationAgent.invoke(TestInvoker.java:824)
at org.testng.internal.TestInvoker.invokeTestMethods(TestInvoker.java:146)
at org.testng.internal.TestMethodWorker.invokeTestMethods(TestMethodWorker.java:146)
at org.testng.internal.TestMethodWorker.run(TestMethodWorker.java:128)
at java.base/java.util.ArrayList.forEach(ArrayList.java:1511)
at org.testng.TestRunner.privateRun(TestRunner.java:794)
at org.testng.TestRunner.run(TestRunner.java:596)
at org.testng.SuiteRunner.runTest(SuiteRunner.java:377)
at org.testng.SuiteRunner.runSequentially(SuiteRunner.java:371)
at org.testng.SuiteRunner.privateRun(SuiteRunner.java:332)
at org.testng.SuiteRunner.run(SuiteRunner.java:276)
at org.testng.SuiteRunnerWorker.runSuite(SuiteRunnerWorker.java:53)
at org.testng.SuiteRunnerWorker.run(SuiteRunnerWorker.java:96)
at org.testng.TestNG.runSuitesSequentially(TestNG.java:1212)
at org.testng.TestNG.runSuitesLocally(TestNG.java:1134)
at org.testng.TestNG.runSuites(TestNG.java:1063)
at org.testng.TestNG.run(TestNG.java:1031)
at org.testng.remote.AbstractRemoteTestNG.run(AbstractRemoteTestNG.java:115)
at org.testng.remote.RemoteTestNG.initAndRun(RemoteTestNG.java:251)
at org.testng.remote.RemoteTestNG.main(RemoteTestNG.java:77)
]]>
            </full-stacktrace>
          </exception> <!-- org.openqa.selenium.NoSuchElementException -->
          <reporter-output>
          </reporter-output>
        </test-method> <!-- AcreateOrganisationTest -->
        <test-method is-config="true" signature="logoutFromApp()[pri:0, instance:com.crm.Vtiger.Organisation.ToCreateOrganisationTest@1e0b4072]" started-at="2022-08-12T12:29:09 IST" name="logoutFromApp" finished-at="2022-08-12T12:29:10 IST" duration-ms="1250" status="PASS">
          <reporter-output>
          </reporter-output>
        </test-method> <!-- logoutFromApp -->
        <test-method is-config="true" signature="closeTheBrowser()[pri:0, instance:com.crm.Vtiger.Organisation.ToCreateOrganisationTest@1e0b4072]" started-at="2022-08-12T12:29:10 IST" name="closeTheBrowser" finished-at="2022-08-12T12:29:11 IST" duration-ms="578" status="PASS">
          <reporter-output>
          </reporter-output>
        </test-method> <!-- closeTheBrowser -->
        <test-method is-config="true" signature="closeDbConn()[pri:0, instance:com.crm.Vtiger.Organisation.ToCreateOrganisationTest@1e0b4072]" started-at="2022-08-12T12:29:11 IST" name="closeDbConn" finished-at="2022-08-12T12:29:11 IST" duration-ms="0" status="PASS">
          <reporter-output>
          </reporter-output>
        </test-method> <!-- closeDbConn -->
      </class> <!-- com.crm.Vtiger.Organisation.ToCreateOrganisationTest -->
    </test> <!-- Default test -->
  </suite> <!-- Default suite -->
</testng-results>
