<?xml version="1.0" encoding="UTF-8"?>
<!-- Generated by org.testng.reporters.JUnitXMLReporter -->
<testsuite ignored="2" hostname="TYC1221031" failures="0" tests="2" name="chromeDriver" time="103.368" errors="0" timestamp="2022-08-05T08:58:13 IST">
  <testcase classname="com.crm.Vtiger.Organisation.CreateOrganisationTest" name="createOrganisationTest" time="31.562"/>
  <testcase classname="com.crm.Vtiger.Organisation.CreateOrgWithIndustryAndType" name="createOrgWithIndustryAndType" time="27.331"/>
  <testcase classname="com.crm.comcast.GenericUtilities.BaseClass" name="@BeforeSuite dbConfig" time="0.0">
    <ignored/>
  </testcase> <!-- @BeforeSuite dbConfig -->
  <testcase classname="com.crm.comcast.GenericUtilities.BaseClass" name="@AfterSuite closeDbConn" time="0.0">
    <ignored/>
  </testcase> <!-- @AfterSuite closeDbConn -->
</testsuite> <!-- chromeDriver -->
