<?xml version="1.0" encoding="UTF-8"?>
<!-- Generated by org.testng.reporters.JUnitXMLReporter -->
<testsuite ignored="2" hostname="TYC1221031" failures="0" tests="2" name="chrome_Browser" time="51.912" errors="0" timestamp="2022-08-05T12:26:26 IST">
  <testcase classname="com.crm.Vtiger.CreateContacts.CreateContactWithOrganisationTest" name="createContactWithOrganisationTest" time="22.065"/>
  <testcase classname="com.crm.Vtiger.Organisation.CreateOrgWithIndustryAndType" name="createOrgWithIndustryAndType" time="11.582"/>
  <testcase classname="com.crm.comcast.GenericUtilities.BaseClass" name="@BeforeSuite dbConfig" time="0.0">
    <ignored/>
  </testcase> <!-- @BeforeSuite dbConfig -->
  <testcase classname="com.crm.comcast.GenericUtilities.BaseClass" name="@AfterSuite closeDbConn" time="0.0">
    <ignored/>
  </testcase> <!-- @AfterSuite closeDbConn -->
</testsuite> <!-- chrome_Browser -->
