<?xml version="1.0" encoding="UTF-8"?>
<!-- Generated by org.testng.reporters.JUnitXMLReporter -->
<testsuite ignored="8" hostname="TYC1221031" failures="0" tests="2" name="dddddddd" time="65.406" errors="0" timestamp="2022-08-04T23:19:24 IST">
  <testcase classname="com.crm.Vtiger.CreateContacts.CreateContactTest" name="createContactTest" time="19.124"/>
  <testcase classname="com.crm.Vtiger.Organisation.CreateOrganisationTest" name="createOrganisationTest" time="18.747"/>
  <testcase classname="com.crm.comcast.GenericUtilities.BaseClass" name="@BeforeSuite dbConfig" time="0.0">
    <ignored/>
  </testcase> <!-- @BeforeSuite dbConfig -->
  <testcase classname="com.crm.comcast.GenericUtilities.BaseClass" name="@BeforeSuite dbConfig" time="0.0">
    <ignored/>
  </testcase> <!-- @BeforeSuite dbConfig -->
  <testcase classname="com.crm.comcast.GenericUtilities.BaseClass" name="@BeforeSuite dbConfig" time="0.0">
    <ignored/>
  </testcase> <!-- @BeforeSuite dbConfig -->
  <testcase classname="com.crm.Vtiger.Organisation.CreateOrgWithIndustryAndType" name="createOrgWithIndustryAndType" time="0.0">
    <ignored/>
  </testcase> <!-- createOrgWithIndustryAndType -->
  <testcase classname="com.crm.Vtiger.CreateContacts.CreateContactWithOrganisationTest" name="createContactWithOrganisationTest" time="0.0">
    <ignored/>
  </testcase> <!-- createContactWithOrganisationTest -->
  <testcase classname="com.crm.comcast.GenericUtilities.BaseClass" name="@AfterSuite closeDbConn" time="0.0">
    <ignored/>
  </testcase> <!-- @AfterSuite closeDbConn -->
  <testcase classname="com.crm.comcast.GenericUtilities.BaseClass" name="@AfterSuite closeDbConn" time="0.0">
    <ignored/>
  </testcase> <!-- @AfterSuite closeDbConn -->
  <testcase classname="com.crm.comcast.GenericUtilities.BaseClass" name="@AfterSuite closeDbConn" time="0.0">
    <ignored/>
  </testcase> <!-- @AfterSuite closeDbConn -->
</testsuite> <!-- dddddddd -->
