<?xml version="1.0" encoding="UTF-8"?>
<!-- Generated by org.testng.reporters.JUnitXMLReporter -->
<testsuite ignored="6" hostname="TYC1221031" failures="1" tests="7" name="tests" time="223.67" errors="0" timestamp="2022-08-11T11:38:34 IST">
  <testcase classname="com.crm.Vtiger.CreateContacts.CreateContactTest" name="TocreateContactTest" time="10.98">
    <skipped/>
  </testcase> <!-- TocreateContactTest -->
  <testcase classname="com.crm.Vtiger.CreateContacts.CreateContactTest" name="TocreateContactTest" time="10.071">
    <skipped/>
  </testcase> <!-- TocreateContactTest -->
  <testcase classname="com.crm.Vtiger.CreateContacts.CreateContactTest" name="TocreateContactTest" time="9.772">
    <skipped/>
  </testcase> <!-- TocreateContactTest -->
  <testcase classname="com.crm.Vtiger.CreateContacts.CreateContactTest" name="TocreateContactTest" time="10.587">
    <failure type="java.lang.AssertionError" message="null">
      <![CDATA[java.lang.AssertionError: null
at com.crm.Vtiger.CreateContacts.CreateContactTest.TocreateContactTest(CreateContactTest.java:34)
at java.base/java.util.ArrayList.forEach(ArrayList.java:1511)
... Removed 29 stack frames]]>
    </failure>
  </testcase> <!-- TocreateContactTest -->
  <testcase classname="com.crm.Vtiger.CreateContacts.CreateContactWithOrganisationTest" name="createContactWithOrganisationTest" time="56.664"/>
  <testcase classname="com.crm.Vtiger.Organisation.ToCreateOrganisationTest" name="AcreateOrganisationTest" time="22.319"/>
  <testcase classname="com.crm.Vtiger.Organisation.CreateOrgWithIndustryAndType" name="createOrgWithIndustryAndType" time="22.011"/>
  <testcase classname="com.crm.comcast.GenericUtilities.BaseClass" name="@BeforeSuite dbConfig" time="0.0">
    <ignored/>
  </testcase> <!-- @BeforeSuite dbConfig -->
  <testcase classname="com.crm.comcast.GenericUtilities.BaseClass" name="@BeforeSuite dbConfig" time="0.0">
    <ignored/>
  </testcase> <!-- @BeforeSuite dbConfig -->
  <testcase classname="com.crm.comcast.GenericUtilities.BaseClass" name="@BeforeSuite dbConfig" time="0.0">
    <ignored/>
  </testcase> <!-- @BeforeSuite dbConfig -->
  <testcase classname="com.crm.comcast.GenericUtilities.BaseClass" name="@AfterSuite closeDbConn" time="0.0">
    <ignored/>
  </testcase> <!-- @AfterSuite closeDbConn -->
  <testcase classname="com.crm.comcast.GenericUtilities.BaseClass" name="@AfterSuite closeDbConn" time="0.0">
    <ignored/>
  </testcase> <!-- @AfterSuite closeDbConn -->
  <testcase classname="com.crm.comcast.GenericUtilities.BaseClass" name="@AfterSuite closeDbConn" time="0.0">
    <ignored/>
  </testcase> <!-- @AfterSuite closeDbConn -->
</testsuite> <!-- tests -->
