<?xml version="1.0" encoding="UTF-8"?>
<!-- Generated by org.testng.reporters.JUnitXMLReporter -->
<testsuite ignored="2" hostname="TYC1221031" failures="0" tests="2" name="testRunner2" time="49.577" errors="0" timestamp="2022-08-05T11:38:06 IST">
  <testcase classname="com.crm.Vtiger.CreateContacts.CreateContactTest" name="createContactTest" time="10.941"/>
  <testcase classname="com.crm.Vtiger.CreateContacts.CreateContactWithOrganisationTest" name="createContactWithOrganisationTest" time="22.036"/>
  <testcase classname="com.crm.comcast.GenericUtilities.BaseClass" name="@BeforeSuite dbConfig" time="0.0">
    <ignored/>
  </testcase> <!-- @BeforeSuite dbConfig -->
  <testcase classname="com.crm.comcast.GenericUtilities.BaseClass" name="@AfterSuite closeDbConn" time="0.0">
    <ignored/>
  </testcase> <!-- @AfterSuite closeDbConn -->
</testsuite> <!-- testRunner2 -->
