<?xml version="1.0" encoding="UTF-8"?>
<!-- Generated by org.testng.reporters.JUnitXMLReporter -->
<testsuite ignored="2" hostname="TYC1221031" failures="0" tests="2" name="test" time="65.359" errors="0" timestamp="2022-08-05T08:06:24 IST">
  <testcase classname="com.crm.Vtiger.CreateContacts.CreateContactTest" name="createContactTest" time="18.924"/>
  <testcase classname="com.crm.Vtiger.Organisation.CreateOrganisationTest" name="createOrganisationTest" time="19.003"/>
  <testcase classname="com.crm.comcast.GenericUtilities.BaseClass" name="@BeforeSuite dbConfig" time="0.0">
    <ignored/>
  </testcase> <!-- @BeforeSuite dbConfig -->
  <testcase classname="com.crm.comcast.GenericUtilities.BaseClass" name="@AfterSuite closeDbConn" time="0.0">
    <ignored/>
  </testcase> <!-- @AfterSuite closeDbConn -->
</testsuite> <!-- test -->
