<?xml version="1.0" encoding="UTF-8"?>
<!-- Generated by org.testng.reporters.JUnitXMLReporter -->
<testsuite ignored="6" hostname="TYC1221031" failures="1" tests="7" name="testRunner1" time="45.649" errors="0" timestamp="2022-08-12T12:19:00 IST">
  <testcase classname="com.crm.Vtiger.CreateContacts.CreateContactTest" name="TocreateContactTest" time="7.508">
    <skipped/>
  </testcase> <!-- TocreateContactTest -->
  <testcase classname="com.crm.Vtiger.Organisation.CreateOrgWithIndustryAndType" name="createOrgWithIndustryAndType" time="14.237"/>
  <testcase classname="com.crm.Vtiger.Organisation.ToCreateOrganisationTest" name="AcreateOrganisationTest" time="14.136"/>
  <testcase classname="com.crm.Vtiger.CreateContacts.CreateContactTest" name="TocreateContactTest" time="6.619">
    <skipped/>
  </testcase> <!-- TocreateContactTest -->
  <testcase classname="com.crm.Vtiger.CreateContacts.CreateContactWithOrganisationTest" name="createContactWithOrganisationTest" time="25.483"/>
  <testcase classname="com.crm.Vtiger.CreateContacts.CreateContactTest" name="TocreateContactTest" time="5.148">
    <skipped/>
  </testcase> <!-- TocreateContactTest -->
  <testcase classname="com.crm.Vtiger.CreateContacts.CreateContactTest" name="TocreateContactTest" time="3.838">
    <failure type="java.lang.AssertionError" message="null">
      <![CDATA[java.lang.AssertionError: null
at com.crm.Vtiger.CreateContacts.CreateContactTest.TocreateContactTest(CreateContactTest.java:34)
at java.base/java.util.concurrent.ThreadPoolExecutor.runWorker(ThreadPoolExecutor.java:1130)
at java.base/java.util.concurrent.ThreadPoolExecutor$Worker.run(ThreadPoolExecutor.java:630)
at java.base/java.lang.Thread.run(Thread.java:831)
... Removed 14 stack frames]]>
    </failure>
  </testcase> <!-- TocreateContactTest -->
  <testcase classname="com.crm.comcast.GenericUtilities.BaseClass" name="@BeforeSuite dbConfig" time="0.0">
    <ignored/>
  </testcase> <!-- @BeforeSuite dbConfig -->
  <testcase classname="com.crm.comcast.GenericUtilities.BaseClass" name="@BeforeSuite dbConfig" time="0.0">
    <ignored/>
  </testcase> <!-- @BeforeSuite dbConfig -->
  <testcase classname="com.crm.comcast.GenericUtilities.BaseClass" name="@BeforeSuite dbConfig" time="0.0">
    <ignored/>
  </testcase> <!-- @BeforeSuite dbConfig -->
  <testcase classname="com.crm.comcast.GenericUtilities.BaseClass" name="@AfterSuite closeDbConn" time="0.0">
    <ignored/>
  </testcase> <!-- @AfterSuite closeDbConn -->
  <testcase classname="com.crm.comcast.GenericUtilities.BaseClass" name="@AfterSuite closeDbConn" time="0.0">
    <ignored/>
  </testcase> <!-- @AfterSuite closeDbConn -->
  <testcase classname="com.crm.comcast.GenericUtilities.BaseClass" name="@AfterSuite closeDbConn" time="0.0">
    <ignored/>
  </testcase> <!-- @AfterSuite closeDbConn -->
</testsuite> <!-- testRunner1 -->
