<?xml version="1.0" encoding="UTF-8"?>
<testng-results total="3" passed="3" failed="0" skipped="0">
  <reporter-output>
  </reporter-output>
  <suite started-at="2022-07-20T12:31:34Z" name="Default suite" finished-at="2022-07-20T12:31:34Z" duration-ms="22">
    <groups>
    </groups>
    <test started-at="2022-07-20T12:31:34Z" name="Default test" finished-at="2022-07-20T12:31:34Z" duration-ms="22">
      <class name="org.mavenExample.Practice1Test">
        <test-method signature="practice1Test()[pri:0, instance:org.mavenExample.Practice1Test@3af0a9da]" started-at="2022-07-20T18:01:34Z" name="practice1Test" finished-at="2022-07-20T18:01:34Z" duration-ms="9" status="PASS">
          <reporter-output>
          </reporter-output>
        </test-method> <!-- practice1Test -->
        <test-method signature="practice2Test()[pri:0, instance:org.mavenExample.Practice1Test@3af0a9da]" started-at="2022-07-20T18:01:34Z" name="practice2Test" finished-at="2022-07-20T18:01:34Z" duration-ms="1" status="PASS">
          <reporter-output>
          </reporter-output>
        </test-method> <!-- practice2Test -->
        <test-method signature="practice3Test()[pri:0, instance:org.mavenExample.Practice1Test@3af0a9da]" started-at="2022-07-20T18:01:34Z" name="practice3Test" finished-at="2022-07-20T18:01:34Z" duration-ms="1" status="PASS">
          <reporter-output>
          </reporter-output>
        </test-method> <!-- practice3Test -->
      </class> <!-- org.mavenExample.Practice1Test -->
    </test> <!-- Default test -->
  </suite> <!-- Default suite -->
</testng-results>
